#
# There is insufficient memory for the Java Runtime Environment to continue.
# Native memory allocation (malloc) failed to allocate 1048576 bytes for AllocateHeap
# Possible reasons:
#   The system is out of physical RAM or swap space
#   The process is running with CompressedOops enabled, and the Java Heap may be blocking the growth of the native heap
# Possible solutions:
#   Reduce memory load on the system
#   Increase physical memory or swap space
#   Check if swap backing store is full
#   Decrease Java heap size (-Xmx/-Xms)
#   Decrease number of Java threads
#   Decrease Java thread stack sizes (-Xss)
#   Set larger code cache with -XX:ReservedCodeCacheSize=
#   JVM is running with Unscaled Compressed Oops mode in which the Java heap is
#     placed in the first 4GB address space. The Java Heap base address is the
#     maximum limit for the native heap growth. Please use -XX:HeapBaseMinAddress
#     to set the Java Heap base and to place the Java Heap above 4GB virtual address.
# This output file may be truncated or incomplete.
#
#  Out of Memory Error (allocation.cpp:44), pid=12668, tid=13544
#
# JRE version:  (17.0.1+12) (build )
# Java VM: Java HotSpot(TM) 64-Bit Server VM (17.0.1+12-LTS-39, mixed mode, sharing, tiered, compressed oops, compressed class ptrs, g1 gc, windows-amd64)
# No core dump will be written. Minidumps are not enabled by default on client versions of Windows
#

---------------  S U M M A R Y ------------

Command Line: -Dfile.encoding=Cp1252 -XX:+ShowCodeDetailsInExceptionMessages Array_CRUD.Access

Host: Intel(R) Core(TM) i3-7020U CPU @ 2.30GHz, 4 cores, 3G,  Windows 10 , 64 bit Build 15063 (10.0.15063.1058)
Time: Fri Nov  4 13:05:45 2022 India Standard Time elapsed time: 2.407143 seconds (0d 0h 0m 2s)

---------------  T H R E A D  ---------------

Current thread (0x00000277426b7180):  JavaThread "Unknown thread" [_thread_in_vm, id=13544, stack(0x000000eeb4300000,0x000000eeb4400000)]

Stack: [0x000000eeb4300000,0x000000eeb4400000]
Native frames: (J=compiled Java code, j=interpreted, Vv=VM code, C=native code)
V  [jvm.dll+0x66fa1a]
V  [jvm.dll+0x7ce5a4]
V  [jvm.dll+0x7cfd4e]
V  [jvm.dll+0x7d03b3]
V  [jvm.dll+0x242b05]
V  [jvm.dll+0xa4673]
V  [jvm.dll+0x2e0b47]
V  [jvm.dll+0x2d8a1b]
V  [jvm.dll+0x7a01e1]
V  [jvm.dll+0x365791]
V  [jvm.dll+0x77f6cc]
V  [jvm.dll+0x3e812f]
V  [jvm.dll+0x3e9bd1]
C  [jli.dll+0x527b]
C  [ucrtbase.dll+0x20279]
C  [KERNEL32.DLL+0x12784]
C  [ntdll.dll+0x50c51]


---------------  P R O C E S S  ---------------

Threads class SMR info:
_java_thread_list=0x00007ffacf117818, length=0, elements={
}

Java Threads: ( => current thread )

Other Threads:
  0x00000277426e6fd0 GCTaskThread "GC Thread#0" [stack: 0x000000eeb4400000,0x000000eeb4500000] [id=13916]

[error occurred during error reporting (printing all threads), id 0xc0000005, EXCEPTION_ACCESS_VIOLATION (0xc0000005) at pc=0x00007fface965a90]

VM state: not at safepoint (not fully initialized)

VM Mutex/Monitor currently owned by a thread:  ([mutex/lock_event])
[0x00000277426b3930] Heap_lock - owner thread: 0x00000277426b7180

Heap address: 0x00000000c1400000, size: 1004 MB, Compressed Oops mode: 32-bit

CDS archive(s) mapped at: [0x0000000000000000-0x0000000000000000-0x0000000000000000), size 0, SharedBaseAddress: 0x0000000800000000, ArchiveRelocationMode: 0.
Narrow klass base: 0x0000000000000000, Narrow klass shift: 0, Narrow klass range: 0x0

GC Precious Log:
<Empty>

Heap:
 garbage-first heap   total 0K, used 0K [0x00000000c1400000, 0x0000000100000000)
  region size 1024K, 0 young (0K), 0 survivors (0K)

[error occurred during error reporting (printing heap information), id 0xc0000005, EXCEPTION_ACCESS_VIOLATION (0xc0000005) at pc=0x00007ffaced48d89]

GC Heap History (0 events):
No events

Deoptimization events (0 events):
No events

Classes unloaded (0 events):
No events

Classes redefined (0 events):
No events

Internal exceptions (0 events):
No events

VM Operations (0 events):
No events

Events (1 events):
Event: 0.276 Loaded shared library C:\Program Files\Java\jdk-17.0.1\bin\java.dll


Dynamic libraries:
0x00007ff740390000 - 0x00007ff7403a0000 	C:\Program Files\Java\jdk-17.0.1\bin\javaw.exe
0x00007ffafc570000 - 0x00007ffafc74b000 	C:\Windows\SYSTEM32\ntdll.dll
0x00007ffafaf10000 - 0x00007ffafafbe000 	C:\Windows\System32\KERNEL32.DLL
0x00007ffaf9590000 - 0x00007ffaf97da000 	C:\Windows\System32\KERNELBASE.dll
0x00007ffaf8d20000 - 0x00007ffaf8e16000 	C:\Windows\System32\ucrtbase.dll
0x00007ffaf4030000 - 0x00007ffaf4048000 	C:\Program Files\Java\jdk-17.0.1\bin\jli.dll
0x00007ffafb2b0000 - 0x00007ffafb351000 	C:\Windows\System32\ADVAPI32.dll
0x00007ffafc460000 - 0x00007ffafc4fd000 	C:\Windows\System32\msvcrt.dll
0x00007ffafb360000 - 0x00007ffafb3b9000 	C:\Windows\System32\sechost.dll
0x00007ffafba50000 - 0x00007ffafbb75000 	C:\Windows\System32\RPCRT4.dll
0x00007ffafafc0000 - 0x00007ffafb10a000 	C:\Windows\System32\USER32.dll
0x00007ffaf8c60000 - 0x00007ffaf8c7e000 	C:\Windows\System32\win32u.dll
0x00007ffafba20000 - 0x00007ffafba47000 	C:\Windows\System32\GDI32.dll
0x00007ffaf9890000 - 0x00007ffaf9a18000 	C:\Windows\System32\gdi32full.dll
0x00007ffaf8c80000 - 0x00007ffaf8d1a000 	C:\Windows\System32\msvcp_win.dll
0x00007ffaf3f00000 - 0x00007ffaf3f1a000 	C:\Program Files\Java\jdk-17.0.1\bin\VCRUNTIME140.dll
0x00007ffae6c50000 - 0x00007ffae6eb7000 	C:\Windows\WinSxS\amd64_microsoft.windows.common-controls_6595b64144ccf1df_6.0.15063.1155_none_40c7922129a7722b\COMCTL32.dll
0x00007ffafbdb0000 - 0x00007ffafc0a9000 	C:\Windows\System32\combase.dll
0x00007ffaf8e20000 - 0x00007ffaf8e8a000 	C:\Windows\System32\bcryptPrimitives.dll
0x00007ffaeab70000 - 0x00007ffaeab7a000 	C:\Windows\SYSTEM32\VERSION.dll
0x00007ffafb3c0000 - 0x00007ffafb3ed000 	C:\Windows\System32\IMM32.DLL
0x00007ffaf59e0000 - 0x00007ffaf59ec000 	C:\Program Files\Java\jdk-17.0.1\bin\vcruntime140_1.dll
0x00007ffaf0320000 - 0x00007ffaf03ad000 	C:\Program Files\Java\jdk-17.0.1\bin\msvcp140.dll
0x00007fface680000 - 0x00007ffacf23e000 	C:\Program Files\Java\jdk-17.0.1\bin\server\jvm.dll
0x00007ffafb570000 - 0x00007ffafb578000 	C:\Windows\System32\PSAPI.DLL
0x00007ffaf4020000 - 0x00007ffaf4029000 	C:\Windows\SYSTEM32\WSOCK32.dll
0x00007ffafc500000 - 0x00007ffafc56c000 	C:\Windows\System32\WS2_32.dll
0x00007ffaf6c00000 - 0x00007ffaf6c23000 	C:\Windows\SYSTEM32\WINMM.dll
0x00007ffaf6ba0000 - 0x00007ffaf6bcb000 	C:\Windows\SYSTEM32\WINMMBASE.dll
0x00007ffaf9a80000 - 0x00007ffaf9ac9000 	C:\Windows\System32\cfgmgr32.dll
0x00007ffaf8a70000 - 0x00007ffaf8a81000 	C:\Windows\System32\kernel.appcore.dll
0x00007ffaf3ef0000 - 0x00007ffaf3efa000 	C:\Program Files\Java\jdk-17.0.1\bin\jimage.dll
0x00007ffae93a0000 - 0x00007ffae9549000 	C:\Windows\SYSTEM32\DBGHELP.DLL
0x00007ffae9750000 - 0x00007ffae9779000 	C:\Windows\SYSTEM32\dbgcore.DLL
0x00007ffaf3e60000 - 0x00007ffaf3e85000 	C:\Program Files\Java\jdk-17.0.1\bin\java.dll

dbghelp: loaded successfully - version: 4.0.5 - missing functions: none
symbol engine: initialized successfully - sym options: 0x614 - pdb path: .;C:\Program Files\Java\jdk-17.0.1\bin;C:\Windows\SYSTEM32;C:\Windows\WinSxS\amd64_microsoft.windows.common-controls_6595b64144ccf1df_6.0.15063.1155_none_40c7922129a7722b;C:\Program Files\Java\jdk-17.0.1\bin\server

VM Arguments:
jvm_args: -Dfile.encoding=Cp1252 -XX:+ShowCodeDetailsInExceptionMessages 
java_command: Array_CRUD.Access
java_class_path (initial): D:\Eclips\Java\bin
Launcher Type: SUN_STANDARD

[Global flags]
     intx CICompilerCount                          = 3                                         {product} {ergonomic}
     uint ConcGCThreads                            = 1                                         {product} {ergonomic}
     uint G1ConcRefinementThreads                  = 4                                         {product} {ergonomic}
   size_t G1HeapRegionSize                         = 1048576                                   {product} {ergonomic}
    uintx GCDrainStackTargetSize                   = 64                                        {product} {ergonomic}
   size_t InitialHeapSize                          = 67108864                                  {product} {ergonomic}
   size_t MarkStackSize                            = 4194304                                   {product} {ergonomic}
   size_t MaxHeapSize                              = 1052770304                                {product} {ergonomic}
   size_t MinHeapDeltaBytes                        = 1048576                                   {product} {ergonomic}
   size_t MinHeapSize                              = 8388608                                   {product} {ergonomic}
    uintx NonNMethodCodeHeapSize                   = 5832780                                {pd product} {ergonomic}
    uintx NonProfiledCodeHeapSize                  = 122912730                              {pd product} {ergonomic}
    uintx ProfiledCodeHeapSize                     = 122912730                              {pd product} {ergonomic}
    uintx ReservedCodeCacheSize                    = 251658240                              {pd product} {ergonomic}
     bool SegmentedCodeCache                       = true                                      {product} {ergonomic}
     bool ShowCodeDetailsInExceptionMessages       = true                                   {manageable} {command line}
   size_t SoftMaxHeapSize                          = 1052770304                             {manageable} {ergonomic}
     bool UseCompressedClassPointers               = true                           {product lp64_product} {ergonomic}
     bool UseCompressedOops                        = true                           {product lp64_product} {ergonomic}
     bool UseG1GC                                  = true                                      {product} {ergonomic}
     bool UseLargePagesIndividualAllocation        = false                                  {pd product} {ergonomic}

Logging:
Log output configuration:
 #0: stdout all=warning uptime,level,tags
 #1: stderr all=off uptime,level,tags

Environment Variables:
PATH=C:\Program Files\Common Files\Oracle\Java\javapath;C:\Windows\system32;C:\Windows;C:\Windows\System32\Wbem;C:\Windows\System32\WindowsPowerShell\v1.0\;C:\Program Files\nodejs\;C:\Program Files\MySQL\MySQL Shell 8.0\bin\;C:\Users\Mr Sathe\AppData\Local\Programs\Python\Python310\Scripts\;C:\Users\Mr Sathe\AppData\Local\Programs\Python\Python310\;C:\Users\Mr Sathe\AppData\Local\Microsoft\WindowsApps;;C:\Users\Mr Sathe\AppData\Local\Programs\Microsoft VS Code\bin;C:\Users\Mr Sathe\AppData\Roaming\npm
USERNAME=Mr Sathe
OS=Windows_NT
PROCESSOR_IDENTIFIER=Intel64 Family 6 Model 142 Stepping 9, GenuineIntel



---------------  S Y S T E M  ---------------

OS:
 Windows 10 , 64 bit Build 15063 (10.0.15063.1058)
OS uptime: 16 days 17:07 hours

CPU: total 4 (initial active 4) (2 cores per cpu, 2 threads per core) family 6 model 142 stepping 9 microcode 0x8e, cx8, cmov, fxsr, ht, mmx, 3dnowpref, sse, sse2, sse3, ssse3, sse4.1, sse4.2, popcnt, lzcnt, tsc, tscinvbit, avx, avx2, aes, erms, clmul, bmi1, bmi2, adx, fma, vzeroupper, clflush, clflushopt

Memory: 4k page, system-wide physical 4011M (1023M free)
TotalPageFile size 9927M (AvailPageFile size 259M)
current process WorkingSet (physical memory assigned to process): 10M, peak: 10M
current process commit charge ("private bytes"): 47M, peak: 48M

vm_info: Java HotSpot(TM) 64-Bit Server VM (17.0.1+12-LTS-39) for windows-amd64 JRE (17.0.1+12-LTS-39), built on Sep 27 2021 18:41:35 by "mach5one" with MS VC++ 16.8 (VS2019)

END.
