#
# There is insufficient memory for the Java Runtime Environment to continue.
# Native memory allocation (mmap) failed to map 65536 bytes for Failed to commit metaspace.
# Possible reasons:
#   The system is out of physical RAM or swap space
#   The process is running with CompressedOops enabled, and the Java Heap may be blocking the growth of the native heap
# Possible solutions:
#   Reduce memory load on the system
#   Increase physical memory or swap space
#   Check if swap backing store is full
#   Decrease Java heap size (-Xmx/-Xms)
#   Decrease number of Java threads
#   Decrease Java thread stack sizes (-Xss)
#   Set larger code cache with -XX:ReservedCodeCacheSize=
#   JVM is running with Unscaled Compressed Oops mode in which the Java heap is
#     placed in the first 4GB address space. The Java Heap base address is the
#     maximum limit for the native heap growth. Please use -XX:HeapBaseMinAddress
#     to set the Java Heap base and to place the Java Heap above 4GB virtual address.
# This output file may be truncated or incomplete.
#
#  Out of Memory Error (virtualSpaceNode.cpp:110), pid=13272, tid=13540
#
# JRE version: Java(TM) SE Runtime Environment (17.0.1+12) (build 17.0.1+12-LTS-39)
# Java VM: Java HotSpot(TM) 64-Bit Server VM (17.0.1+12-LTS-39, mixed mode, sharing, tiered, compressed oops, compressed class ptrs, g1 gc, windows-amd64)
# No core dump will be written. Minidumps are not enabled by default on client versions of Windows
#

---------------  S U M M A R Y ------------

Command Line: -Dfile.encoding=Cp1252 -XX:+ShowCodeDetailsInExceptionMessages Array_CRUD.Access

Host: Intel(R) Core(TM) i3-7020U CPU @ 2.30GHz, 4 cores, 3G,  Windows 10 , 64 bit Build 15063 (10.0.15063.1058)
Time: Fri Nov  4 13:05:45 2022 India Standard Time elapsed time: 2.410437 seconds (0d 0h 0m 2s)

---------------  T H R E A D  ---------------

Current thread (0x000001c693f47180):  JavaThread "main" [_thread_in_vm, id=13540, stack(0x000000b27b000000,0x000000b27b100000)]

Stack: [0x000000b27b000000,0x000000b27b100000]
Native frames: (J=compiled Java code, j=interpreted, Vv=VM code, C=native code)
V  [jvm.dll+0x66fa1a]
V  [jvm.dll+0x7ce5a4]
V  [jvm.dll+0x7cfd4e]
V  [jvm.dll+0x7d03b3]
V  [jvm.dll+0x242b05]
V  [jvm.dll+0x7ca54b]
V  [jvm.dll+0x615b76]
V  [jvm.dll+0x615bda]
V  [jvm.dll+0x6183ea]
V  [jvm.dll+0x616516]
V  [jvm.dll+0x62759a]
V  [jvm.dll+0x6203aa]
V  [jvm.dll+0x211dc1]
V  [jvm.dll+0x211f73]
V  [jvm.dll+0x37c50e]
V  [jvm.dll+0x37c2fd]
C  0x000001c69b75c879

Java frames: (J=compiled Java code, j=interpreted, Vv=VM code)
j  java.lang.Object.<init>()V+0 java.base@17.0.1
j  java.lang.String.<init>([BB)V+1 java.base@17.0.1
j  java.lang.StringLatin1.newString([BII)Ljava/lang/String;+20 java.base@17.0.1
j  java.lang.String.substring(II)Ljava/lang/String;+41 java.base@17.0.1
j  java.util.StringTokenizer.nextToken()Ljava/lang/String;+88 java.base@17.0.1
j  sun.util.cldr.CLDRLocaleProviderAdapter.createLanguageTagSet(Ljava/lang/String;)Ljava/util/Set;+118 java.base@17.0.1
j  sun.util.locale.provider.JRELocaleProviderAdapter.getLanguageTagSet(Ljava/lang/String;)Ljava/util/Set;+20 java.base@17.0.1
j  sun.util.locale.provider.JRELocaleProviderAdapter.lambda$getNumberFormatProvider$5()Ljava/text/spi/NumberFormatProvider;+12 java.base@17.0.1
j  sun.util.locale.provider.JRELocaleProviderAdapter$$Lambda$57+0x80000005f.run()Ljava/lang/Object;+4 java.base@17.0.1
j  java.security.AccessController.executePrivileged(Ljava/security/PrivilegedAction;Ljava/security/AccessControlContext;Ljava/lang/Class;)Ljava/lang/Object;+29 java.base@17.0.1
j  java.security.AccessController.doPrivileged(Ljava/security/PrivilegedAction;)Ljava/lang/Object;+5 java.base@17.0.1
j  sun.util.locale.provider.JRELocaleProviderAdapter.getNumberFormatProvider()Ljava/text/spi/NumberFormatProvider;+13 java.base@17.0.1
j  sun.util.locale.provider.JRELocaleProviderAdapter.getLocaleServiceProvider(Ljava/lang/Class;)Ljava/util/spi/LocaleServiceProvider;+402 java.base@17.0.1
j  sun.util.locale.provider.LocaleProviderAdapter.findAdapter(Ljava/lang/Class;Ljava/util/Locale;)Lsun/util/locale/provider/LocaleProviderAdapter;+42 java.base@17.0.1
j  sun.util.locale.provider.LocaleProviderAdapter.getAdapter(Ljava/lang/Class;Ljava/util/Locale;)Lsun/util/locale/provider/LocaleProviderAdapter;+55 java.base@17.0.1
j  java.text.NumberFormat.getInstance(Ljava/util/Locale;Ljava/text/NumberFormat$Style;I)Ljava/text/NumberFormat;+3 java.base@17.0.1
j  java.text.NumberFormat.getNumberInstance(Ljava/util/Locale;)Ljava/text/NumberFormat;+3 java.base@17.0.1
j  java.util.Scanner.useLocale(Ljava/util/Locale;)Ljava/util/Scanner;+31 java.base@17.0.1
j  java.util.Scanner.<init>(Ljava/lang/Readable;Ljava/util/regex/Pattern;)V+243 java.base@17.0.1
j  java.util.Scanner.<init>(Ljava/io/InputStream;)V+12 java.base@17.0.1
j  Array_CRUD.Access.main([Ljava/lang/String;)V+7
v  ~StubRoutines::call_stub

---------------  P R O C E S S  ---------------

Threads class SMR info:
_java_thread_list=0x000001c6af1a25d0, length=12, elements={
0x000001c693f47180, 0x000001c693ff5830, 0x000001c693ffae20, 0x000001c69400d4a0,
0x000001c69400df60, 0x000001c69400ea20, 0x000001c6940116f0, 0x000001c694012390,
0x000001c6af171340, 0x000001c6af176430, 0x000001c6af1ccf70, 0x000001c6af1da720
}

Java Threads: ( => current thread )
=>0x000001c693f47180 JavaThread "main" [_thread_in_vm, id=13540, stack(0x000000b27b000000,0x000000b27b100000)]
  0x000001c693ff5830 JavaThread "Reference Handler" daemon [_thread_blocked, id=13716, stack(0x000000b27b700000,0x000000b27b800000)]
  0x000001c693ffae20 JavaThread "Finalizer" daemon [_thread_blocked, id=13720, stack(0x000000b27b800000,0x000000b27b900000)]
  0x000001c69400d4a0 JavaThread "Signal Dispatcher" daemon [_thread_blocked, id=13728, stack(0x000000b27b900000,0x000000b27ba00000)]
  0x000001c69400df60 JavaThread "Attach Listener" daemon [_thread_blocked, id=13732, stack(0x000000b27ba00000,0x000000b27bb00000)]
  0x000001c69400ea20 JavaThread "Service Thread" daemon [_thread_blocked, id=13736, stack(0x000000b27bb00000,0x000000b27bc00000)]
  0x000001c6940116f0 JavaThread "Monitor Deflation Thread" daemon [_thread_blocked, id=13740, stack(0x000000b27bc00000,0x000000b27bd00000)]
  0x000001c694012390 JavaThread "C2 CompilerThread0" daemon [_thread_blocked, id=13744, stack(0x000000b27bd00000,0x000000b27be00000)]
  0x000001c6af171340 JavaThread "C1 CompilerThread0" daemon [_thread_blocked, id=13780, stack(0x000000b27be00000,0x000000b27bf00000)]
  0x000001c6af176430 JavaThread "Sweeper thread" daemon [_thread_blocked, id=13928, stack(0x000000b27bf00000,0x000000b27c000000)]
  0x000001c6af1ccf70 JavaThread "Notification Thread" daemon [_thread_blocked, id=14000, stack(0x000000b27c000000,0x000000b27c100000)]
  0x000001c6af1da720 JavaThread "Common-Cleaner" daemon [_thread_blocked, id=14008, stack(0x000000b27c200000,0x000000b27c300000)]

Other Threads:
  0x000001c693ff18a0 VMThread "VM Thread" [stack: 0x000000b27b600000,0x000000b27b700000] [id=13644]
  0x000001c6af1da490 WatcherThread [stack: 0x000000b27c100000,0x000000b27c200000] [id=14004]
  0x000001c693f76fd0 GCTaskThread "GC Thread#0" [stack: 0x000000b27b100000,0x000000b27b200000] [id=13604]
  0x000001c693f80bb0 ConcurrentGCThread "G1 Main Marker" [stack: 0x000000b27b200000,0x000000b27b300000] [id=13616]
  0x000001c693f831e0 ConcurrentGCThread "G1 Conc#0" [stack: 0x000000b27b300000,0x000000b27b400000] [id=13620]
  0x000001c693fd2690 ConcurrentGCThread "G1 Refine#0" [stack: 0x000000b27b400000,0x000000b27b500000] [id=13632]
  0x000001c693fd3cd0 ConcurrentGCThread "G1 Service" [stack: 0x000000b27b500000,0x000000b27b600000] [id=13636]

Threads with active compile tasks:
C1 CompilerThread0     3752    1       3       java.lang.String::hashCode (60 bytes)

VM state: not at safepoint (normal execution)

VM Mutex/Monitor currently owned by a thread:  ([mutex/lock_event])
[0x000001c693f41130] Metaspace_lock - owner thread: 0x000001c693f47180
[0x000001c693f43150] MethodData_lock - owner thread: 0x000001c693f47180

Heap address: 0x00000000c1400000, size: 1004 MB, Compressed Oops mode: 32-bit

CDS archive(s) mapped at: [0x0000000800000000-0x0000000800bc0000-0x0000000800bc0000), size 12320768, SharedBaseAddress: 0x0000000800000000, ArchiveRelocationMode: 0.
Compressed class space mapped at: 0x0000000800c00000-0x0000000840c00000, reserved size: 1073741824
Narrow klass base: 0x0000000800000000, Narrow klass shift: 0, Narrow klass range: 0x100000000

GC Precious Log:
 CPUs: 4 total, 4 available
 Memory: 4011M
 Large Page Support: Disabled
 NUMA Support: Disabled
 Compressed Oops: Enabled (32-bit)
 Heap Region Size: 1M
 Heap Min Capacity: 8M
 Heap Initial Capacity: 64M
 Heap Max Capacity: 1004M
 Pre-touch: Disabled
 Parallel Workers: 4
 Concurrent Workers: 1
 Concurrent Refinement Workers: 4
 Periodic GC: Disabled

Heap:
 garbage-first heap   total 65536K, used 1024K [0x00000000c1400000, 0x0000000100000000)
  region size 1024K, 2 young (2048K), 0 survivors (0K)
 Metaspace       used 280K, committed 448K, reserved 1056768K
  class space    used 18K, committed 128K, reserved 1048576K

Heap Regions: E=young(eden), S=young(survivor), O=old, HS=humongous(starts), HC=humongous(continues), CS=collection set, F=free, OA=open archive, CA=closed archive, TAMS=top-at-mark-start (previous, next)
|   0|0x00000000c1400000, 0x00000000c1400000, 0x00000000c1500000|  0%| F|  |TAMS 0x00000000c1400000, 0x00000000c1400000| Untracked 
|   1|0x00000000c1500000, 0x00000000c1500000, 0x00000000c1600000|  0%| F|  |TAMS 0x00000000c1500000, 0x00000000c1500000| Untracked 
|   2|0x00000000c1600000, 0x00000000c1600000, 0x00000000c1700000|  0%| F|  |TAMS 0x00000000c1600000, 0x00000000c1600000| Untracked 
|   3|0x00000000c1700000, 0x00000000c1700000, 0x00000000c1800000|  0%| F|  |TAMS 0x00000000c1700000, 0x00000000c1700000| Untracked 
|   4|0x00000000c1800000, 0x00000000c1800000, 0x00000000c1900000|  0%| F|  |TAMS 0x00000000c1800000, 0x00000000c1800000| Untracked 
|   5|0x00000000c1900000, 0x00000000c1900000, 0x00000000c1a00000|  0%| F|  |TAMS 0x00000000c1900000, 0x00000000c1900000| Untracked 
|   6|0x00000000c1a00000, 0x00000000c1a00000, 0x00000000c1b00000|  0%| F|  |TAMS 0x00000000c1a00000, 0x00000000c1a00000| Untracked 
|   7|0x00000000c1b00000, 0x00000000c1b00000, 0x00000000c1c00000|  0%| F|  |TAMS 0x00000000c1b00000, 0x00000000c1b00000| Untracked 
|   8|0x00000000c1c00000, 0x00000000c1c00000, 0x00000000c1d00000|  0%| F|  |TAMS 0x00000000c1c00000, 0x00000000c1c00000| Untracked 
|   9|0x00000000c1d00000, 0x00000000c1d00000, 0x00000000c1e00000|  0%| F|  |TAMS 0x00000000c1d00000, 0x00000000c1d00000| Untracked 
|  10|0x00000000c1e00000, 0x00000000c1e00000, 0x00000000c1f00000|  0%| F|  |TAMS 0x00000000c1e00000, 0x00000000c1e00000| Untracked 
|  11|0x00000000c1f00000, 0x00000000c1f00000, 0x00000000c2000000|  0%| F|  |TAMS 0x00000000c1f00000, 0x00000000c1f00000| Untracked 
|  12|0x00000000c2000000, 0x00000000c2000000, 0x00000000c2100000|  0%| F|  |TAMS 0x00000000c2000000, 0x00000000c2000000| Untracked 
|  13|0x00000000c2100000, 0x00000000c2100000, 0x00000000c2200000|  0%| F|  |TAMS 0x00000000c2100000, 0x00000000c2100000| Untracked 
|  14|0x00000000c2200000, 0x00000000c2200000, 0x00000000c2300000|  0%| F|  |TAMS 0x00000000c2200000, 0x00000000c2200000| Untracked 
|  15|0x00000000c2300000, 0x00000000c2300000, 0x00000000c2400000|  0%| F|  |TAMS 0x00000000c2300000, 0x00000000c2300000| Untracked 
|  16|0x00000000c2400000, 0x00000000c2400000, 0x00000000c2500000|  0%| F|  |TAMS 0x00000000c2400000, 0x00000000c2400000| Untracked 
|  17|0x00000000c2500000, 0x00000000c2500000, 0x00000000c2600000|  0%| F|  |TAMS 0x00000000c2500000, 0x00000000c2500000| Untracked 
|  18|0x00000000c2600000, 0x00000000c2600000, 0x00000000c2700000|  0%| F|  |TAMS 0x00000000c2600000, 0x00000000c2600000| Untracked 
|  19|0x00000000c2700000, 0x00000000c2700000, 0x00000000c2800000|  0%| F|  |TAMS 0x00000000c2700000, 0x00000000c2700000| Untracked 
|  20|0x00000000c2800000, 0x00000000c2800000, 0x00000000c2900000|  0%| F|  |TAMS 0x00000000c2800000, 0x00000000c2800000| Untracked 
|  21|0x00000000c2900000, 0x00000000c2900000, 0x00000000c2a00000|  0%| F|  |TAMS 0x00000000c2900000, 0x00000000c2900000| Untracked 
|  22|0x00000000c2a00000, 0x00000000c2a00000, 0x00000000c2b00000|  0%| F|  |TAMS 0x00000000c2a00000, 0x00000000c2a00000| Untracked 
|  23|0x00000000c2b00000, 0x00000000c2b00000, 0x00000000c2c00000|  0%| F|  |TAMS 0x00000000c2b00000, 0x00000000c2b00000| Untracked 
|  24|0x00000000c2c00000, 0x00000000c2c00000, 0x00000000c2d00000|  0%| F|  |TAMS 0x00000000c2c00000, 0x00000000c2c00000| Untracked 
|  25|0x00000000c2d00000, 0x00000000c2d00000, 0x00000000c2e00000|  0%| F|  |TAMS 0x00000000c2d00000, 0x00000000c2d00000| Untracked 
|  26|0x00000000c2e00000, 0x00000000c2e00000, 0x00000000c2f00000|  0%| F|  |TAMS 0x00000000c2e00000, 0x00000000c2e00000| Untracked 
|  27|0x00000000c2f00000, 0x00000000c2f00000, 0x00000000c3000000|  0%| F|  |TAMS 0x00000000c2f00000, 0x00000000c2f00000| Untracked 
|  28|0x00000000c3000000, 0x00000000c3000000, 0x00000000c3100000|  0%| F|  |TAMS 0x00000000c3000000, 0x00000000c3000000| Untracked 
|  29|0x00000000c3100000, 0x00000000c3100000, 0x00000000c3200000|  0%| F|  |TAMS 0x00000000c3100000, 0x00000000c3100000| Untracked 
|  30|0x00000000c3200000, 0x00000000c3200000, 0x00000000c3300000|  0%| F|  |TAMS 0x00000000c3200000, 0x00000000c3200000| Untracked 
|  31|0x00000000c3300000, 0x00000000c3300000, 0x00000000c3400000|  0%| F|  |TAMS 0x00000000c3300000, 0x00000000c3300000| Untracked 
|  32|0x00000000c3400000, 0x00000000c3400000, 0x00000000c3500000|  0%| F|  |TAMS 0x00000000c3400000, 0x00000000c3400000| Untracked 
|  33|0x00000000c3500000, 0x00000000c3500000, 0x00000000c3600000|  0%| F|  |TAMS 0x00000000c3500000, 0x00000000c3500000| Untracked 
|  34|0x00000000c3600000, 0x00000000c3600000, 0x00000000c3700000|  0%| F|  |TAMS 0x00000000c3600000, 0x00000000c3600000| Untracked 
|  35|0x00000000c3700000, 0x00000000c3700000, 0x00000000c3800000|  0%| F|  |TAMS 0x00000000c3700000, 0x00000000c3700000| Untracked 
|  36|0x00000000c3800000, 0x00000000c3800000, 0x00000000c3900000|  0%| F|  |TAMS 0x00000000c3800000, 0x00000000c3800000| Untracked 
|  37|0x00000000c3900000, 0x00000000c3900000, 0x00000000c3a00000|  0%| F|  |TAMS 0x00000000c3900000, 0x00000000c3900000| Untracked 
|  38|0x00000000c3a00000, 0x00000000c3a00000, 0x00000000c3b00000|  0%| F|  |TAMS 0x00000000c3a00000, 0x00000000c3a00000| Untracked 
|  39|0x00000000c3b00000, 0x00000000c3b00000, 0x00000000c3c00000|  0%| F|  |TAMS 0x00000000c3b00000, 0x00000000c3b00000| Untracked 
|  40|0x00000000c3c00000, 0x00000000c3c00000, 0x00000000c3d00000|  0%| F|  |TAMS 0x00000000c3c00000, 0x00000000c3c00000| Untracked 
|  41|0x00000000c3d00000, 0x00000000c3d00000, 0x00000000c3e00000|  0%| F|  |TAMS 0x00000000c3d00000, 0x00000000c3d00000| Untracked 
|  42|0x00000000c3e00000, 0x00000000c3e00000, 0x00000000c3f00000|  0%| F|  |TAMS 0x00000000c3e00000, 0x00000000c3e00000| Untracked 
|  43|0x00000000c3f00000, 0x00000000c3f00000, 0x00000000c4000000|  0%| F|  |TAMS 0x00000000c3f00000, 0x00000000c3f00000| Untracked 
|  44|0x00000000c4000000, 0x00000000c4000000, 0x00000000c4100000|  0%| F|  |TAMS 0x00000000c4000000, 0x00000000c4000000| Untracked 
|  45|0x00000000c4100000, 0x00000000c4100000, 0x00000000c4200000|  0%| F|  |TAMS 0x00000000c4100000, 0x00000000c4100000| Untracked 
|  46|0x00000000c4200000, 0x00000000c4200000, 0x00000000c4300000|  0%| F|  |TAMS 0x00000000c4200000, 0x00000000c4200000| Untracked 
|  47|0x00000000c4300000, 0x00000000c4300000, 0x00000000c4400000|  0%| F|  |TAMS 0x00000000c4300000, 0x00000000c4300000| Untracked 
|  48|0x00000000c4400000, 0x00000000c4400000, 0x00000000c4500000|  0%| F|  |TAMS 0x00000000c4400000, 0x00000000c4400000| Untracked 
|  49|0x00000000c4500000, 0x00000000c4500000, 0x00000000c4600000|  0%| F|  |TAMS 0x00000000c4500000, 0x00000000c4500000| Untracked 
|  50|0x00000000c4600000, 0x00000000c4600000, 0x00000000c4700000|  0%| F|  |TAMS 0x00000000c4600000, 0x00000000c4600000| Untracked 
|  51|0x00000000c4700000, 0x00000000c4700000, 0x00000000c4800000|  0%| F|  |TAMS 0x00000000c4700000, 0x00000000c4700000| Untracked 
|  52|0x00000000c4800000, 0x00000000c4800000, 0x00000000c4900000|  0%| F|  |TAMS 0x00000000c4800000, 0x00000000c4800000| Untracked 
|  53|0x00000000c4900000, 0x00000000c4900000, 0x00000000c4a00000|  0%| F|  |TAMS 0x00000000c4900000, 0x00000000c4900000| Untracked 
|  54|0x00000000c4a00000, 0x00000000c4a00000, 0x00000000c4b00000|  0%| F|  |TAMS 0x00000000c4a00000, 0x00000000c4a00000| Untracked 
|  55|0x00000000c4b00000, 0x00000000c4b00000, 0x00000000c4c00000|  0%| F|  |TAMS 0x00000000c4b00000, 0x00000000c4b00000| Untracked 
|  56|0x00000000c4c00000, 0x00000000c4c00000, 0x00000000c4d00000|  0%| F|  |TAMS 0x00000000c4c00000, 0x00000000c4c00000| Untracked 
|  57|0x00000000c4d00000, 0x00000000c4d00000, 0x00000000c4e00000|  0%| F|  |TAMS 0x00000000c4d00000, 0x00000000c4d00000| Untracked 
|  58|0x00000000c4e00000, 0x00000000c4e00000, 0x00000000c4f00000|  0%| F|  |TAMS 0x00000000c4e00000, 0x00000000c4e00000| Untracked 
|  59|0x00000000c4f00000, 0x00000000c4f00000, 0x00000000c5000000|  0%| F|  |TAMS 0x00000000c4f00000, 0x00000000c4f00000| Untracked 
|  60|0x00000000c5000000, 0x00000000c5000000, 0x00000000c5100000|  0%| F|  |TAMS 0x00000000c5000000, 0x00000000c5000000| Untracked 
|  61|0x00000000c5100000, 0x00000000c5100000, 0x00000000c5200000|  0%| F|  |TAMS 0x00000000c5100000, 0x00000000c5100000| Untracked 
|  62|0x00000000c5200000, 0x00000000c5243170, 0x00000000c5300000| 26%| E|  |TAMS 0x00000000c5200000, 0x00000000c5200000| Complete 
|  63|0x00000000c5300000, 0x00000000c5400000, 0x00000000c5400000|100%| E|CS|TAMS 0x00000000c5300000, 0x00000000c5300000| Complete 

Card table byte_map: [0x000001c6aa950000,0x000001c6aab50000] _byte_map_base: 0x000001c6aa346000

Marking Bits (Prev, Next): (CMBitMap*) 0x000001c693f78500, (CMBitMap*) 0x000001c693f78540
 Prev Bits: [0x000001c6aad50000, 0x000001c6abd00000)
 Next Bits: [0x000001c6abd00000, 0x000001c6accb0000)

Polling page: 0x000001c691e10000

Metaspace:

Usage:
  Non-class:    261.58 KB used.
      Class:     18.96 KB used.
       Both:    280.54 KB used.

Virtual space:
  Non-class space:        8.00 MB reserved,     320.00 KB (  4%) committed,  1 nodes.
      Class space:        1.00 GB reserved,     128.00 KB ( <1%) committed,  1 nodes.
             Both:        1.01 GB reserved,     448.00 KB ( <1%) committed. 

Chunk freelists:
   Non-Class:  3.99 MB
       Class:  3.74 MB
        Both:  7.74 MB

MaxMetaspaceSize: unlimited
CompressedClassSpaceSize: 1.00 GB
Initial GC threshold: 21.00 MB
Current GC threshold: 21.00 MB
CDS: on
MetaspaceReclaimPolicy: balanced
 - commit_granule_bytes: 65536.
 - commit_granule_words: 8192.
 - virtual_space_node_default_size: 1048576.
 - enlarge_chunks_in_place: 1.
 - new_chunks_are_fully_committed: 0.
 - uncommit_free_chunks: 1.
 - use_allocation_guard: 0.
 - handle_deallocations: 1.


Internal statistics:

num_allocs_failed_limit: 0.
num_arena_births: 8.
num_arena_deaths: 0.
num_vsnodes_births: 2.
num_vsnodes_deaths: 0.
num_space_committed: 7.
num_space_uncommitted: 0.
num_chunks_returned_to_freelist: 0.
num_chunks_taken_from_freelist: 9.
num_chunk_merges: 0.
num_chunk_splits: 4.
num_chunks_enlarged: 1.
num_purges: 0.
num_inconsistent_stats: 0.

CodeHeap 'non-profiled nmethods': size=120000Kb used=17Kb max_used=17Kb free=119982Kb
 bounds [0x000001c6a3220000, 0x000001c6a3490000, 0x000001c6aa750000]
CodeHeap 'profiled nmethods': size=120000Kb used=0Kb max_used=0Kb free=120000Kb
 bounds [0x000001c69bcf0000, 0x000001c69bf60000, 0x000001c6a3220000]
CodeHeap 'non-nmethods': size=5760Kb used=1076Kb max_used=1076Kb free=4683Kb
 bounds [0x000001c69b750000, 0x000001c69b9c0000, 0x000001c69bcf0000]
 total_blobs=371 nmethods=23 adapters=262
 compilation: enabled
              stopped_count=0, restarted_count=0
 full_count=0

Compilation events (1 events):
Event: 1.313 Thread 0x000001c6af171340    1       3       java.lang.String::hashCode (60 bytes)

GC Heap History (0 events):
No events

Deoptimization events (0 events):
No events

Classes unloaded (0 events):
No events

Classes redefined (0 events):
No events

Internal exceptions (0 events):
No events

VM Operations (0 events):
No events

Events (20 events):
Event: 0.351 loading class jdk/internal/loader/URLClassPath$FileLoader$1
Event: 0.351 loading class jdk/internal/loader/URLClassPath$FileLoader$1 done
Event: 0.352 Thread 0x000001c6af1da720 Thread added: 0x000001c6af1da720
Event: 0.353 loading class java/util/Scanner
Event: 0.354 loading class java/util/Scanner done
Event: 0.378 loading class java/io/InputStreamReader
Event: 0.379 loading class java/io/Reader
Event: 0.379 loading class java/io/Reader done
Event: 0.379 loading class java/io/InputStreamReader done
Event: 0.379 loading class sun/nio/cs/StreamDecoder
Event: 0.379 loading class sun/nio/cs/StreamDecoder done
Event: 0.380 loading class java/util/Scanner$PatternLRUCache
Event: 0.380 loading class java/util/Scanner$PatternLRUCache done
Event: 0.386 loading class jdk/internal/module/ModulePatcher$PatchedModuleReader
Event: 0.386 loading class jdk/internal/module/ModulePatcher$PatchedModuleReader done
Event: 0.389 Loaded shared library C:\Program Files\Java\jdk-17.0.1\bin\jimage.dll
Event: 0.390 loading class jdk/internal/jimage/ImageLocation
Event: 0.390 loading class jdk/internal/jimage/ImageLocation done
Event: 0.391 loading class sun/net/www/protocol/jrt/Handler
Event: 0.391 loading class sun/net/www/protocol/jrt/Handler done


Dynamic libraries:
0x00007ff740390000 - 0x00007ff7403a0000 	C:\Program Files\Java\jdk-17.0.1\bin\javaw.exe
0x00007ffafc570000 - 0x00007ffafc74b000 	C:\Windows\SYSTEM32\ntdll.dll
0x00007ffafaf10000 - 0x00007ffafafbe000 	C:\Windows\System32\KERNEL32.DLL
0x00007ffaf9590000 - 0x00007ffaf97da000 	C:\Windows\System32\KERNELBASE.dll
0x00007ffaf8d20000 - 0x00007ffaf8e16000 	C:\Windows\System32\ucrtbase.dll
0x00007ffaf4030000 - 0x00007ffaf4048000 	C:\Program Files\Java\jdk-17.0.1\bin\jli.dll
0x00007ffafb2b0000 - 0x00007ffafb351000 	C:\Windows\System32\ADVAPI32.dll
0x00007ffafc460000 - 0x00007ffafc4fd000 	C:\Windows\System32\msvcrt.dll
0x00007ffafb360000 - 0x00007ffafb3b9000 	C:\Windows\System32\sechost.dll
0x00007ffafba50000 - 0x00007ffafbb75000 	C:\Windows\System32\RPCRT4.dll
0x00007ffafafc0000 - 0x00007ffafb10a000 	C:\Windows\System32\USER32.dll
0x00007ffaf8c60000 - 0x00007ffaf8c7e000 	C:\Windows\System32\win32u.dll
0x00007ffafba20000 - 0x00007ffafba47000 	C:\Windows\System32\GDI32.dll
0x00007ffaf9890000 - 0x00007ffaf9a18000 	C:\Windows\System32\gdi32full.dll
0x00007ffaf8c80000 - 0x00007ffaf8d1a000 	C:\Windows\System32\msvcp_win.dll
0x00007ffaf3f00000 - 0x00007ffaf3f1a000 	C:\Program Files\Java\jdk-17.0.1\bin\VCRUNTIME140.dll
0x00007ffae6c50000 - 0x00007ffae6eb7000 	C:\Windows\WinSxS\amd64_microsoft.windows.common-controls_6595b64144ccf1df_6.0.15063.1155_none_40c7922129a7722b\COMCTL32.dll
0x00007ffafbdb0000 - 0x00007ffafc0a9000 	C:\Windows\System32\combase.dll
0x00007ffaf8e20000 - 0x00007ffaf8e8a000 	C:\Windows\System32\bcryptPrimitives.dll
0x00007ffaeab70000 - 0x00007ffaeab7a000 	C:\Windows\SYSTEM32\VERSION.dll
0x00007ffafb3c0000 - 0x00007ffafb3ed000 	C:\Windows\System32\IMM32.DLL
0x00007ffaf59e0000 - 0x00007ffaf59ec000 	C:\Program Files\Java\jdk-17.0.1\bin\vcruntime140_1.dll
0x00007ffaf0320000 - 0x00007ffaf03ad000 	C:\Program Files\Java\jdk-17.0.1\bin\msvcp140.dll
0x00007fface680000 - 0x00007ffacf23e000 	C:\Program Files\Java\jdk-17.0.1\bin\server\jvm.dll
0x00007ffafb570000 - 0x00007ffafb578000 	C:\Windows\System32\PSAPI.DLL
0x00007ffaf4020000 - 0x00007ffaf4029000 	C:\Windows\SYSTEM32\WSOCK32.dll
0x00007ffafc500000 - 0x00007ffafc56c000 	C:\Windows\System32\WS2_32.dll
0x00007ffaf6c00000 - 0x00007ffaf6c23000 	C:\Windows\SYSTEM32\WINMM.dll
0x00007ffaf6ba0000 - 0x00007ffaf6bcb000 	C:\Windows\SYSTEM32\WINMMBASE.dll
0x00007ffaf9a80000 - 0x00007ffaf9ac9000 	C:\Windows\System32\cfgmgr32.dll
0x00007ffaf8a70000 - 0x00007ffaf8a81000 	C:\Windows\System32\kernel.appcore.dll
0x00007ffaf3ef0000 - 0x00007ffaf3efa000 	C:\Program Files\Java\jdk-17.0.1\bin\jimage.dll
0x00007ffae93a0000 - 0x00007ffae9549000 	C:\Windows\SYSTEM32\DBGHELP.DLL
0x00007ffae9750000 - 0x00007ffae9779000 	C:\Windows\SYSTEM32\dbgcore.DLL
0x00007ffaf3e60000 - 0x00007ffaf3e85000 	C:\Program Files\Java\jdk-17.0.1\bin\java.dll
0x00007ffadbde0000 - 0x00007ffadbeb6000 	C:\Program Files\Java\jdk-17.0.1\bin\svml.dll
0x00007ffaf9ad0000 - 0x00007ffafaf08000 	C:\Windows\System32\SHELL32.dll
0x00007ffafc0c0000 - 0x00007ffafc16a000 	C:\Windows\System32\shcore.dll
0x00007ffaf8e90000 - 0x00007ffaf9581000 	C:\Windows\System32\windows.storage.dll
0x00007ffafc1d0000 - 0x00007ffafc221000 	C:\Windows\System32\shlwapi.dll
0x00007ffaf89e0000 - 0x00007ffaf8a2c000 	C:\Windows\System32\powrprof.dll
0x00007ffaf8a30000 - 0x00007ffaf8a45000 	C:\Windows\System32\profapi.dll

dbghelp: loaded successfully - version: 4.0.5 - missing functions: none
symbol engine: initialized successfully - sym options: 0x614 - pdb path: .;C:\Program Files\Java\jdk-17.0.1\bin;C:\Windows\SYSTEM32;C:\Windows\WinSxS\amd64_microsoft.windows.common-controls_6595b64144ccf1df_6.0.15063.1155_none_40c7922129a7722b;C:\Program Files\Java\jdk-17.0.1\bin\server

VM Arguments:
jvm_args: -Dfile.encoding=Cp1252 -XX:+ShowCodeDetailsInExceptionMessages 
java_command: Array_CRUD.Access
java_class_path (initial): D:\Eclips\Java\bin
Launcher Type: SUN_STANDARD

[Global flags]
     intx CICompilerCount                          = 3                                         {product} {ergonomic}
     uint ConcGCThreads                            = 1                                         {product} {ergonomic}
     uint G1ConcRefinementThreads                  = 4                                         {product} {ergonomic}
   size_t G1HeapRegionSize                         = 1048576                                   {product} {ergonomic}
    uintx GCDrainStackTargetSize                   = 64                                        {product} {ergonomic}
   size_t InitialHeapSize                          = 67108864                                  {product} {ergonomic}
   size_t MarkStackSize                            = 4194304                                   {product} {ergonomic}
   size_t MaxHeapSize                              = 1052770304                                {product} {ergonomic}
   size_t MaxNewSize                               = 631242752                                 {product} {ergonomic}
   size_t MinHeapDeltaBytes                        = 1048576                                   {product} {ergonomic}
   size_t MinHeapSize                              = 8388608                                   {product} {ergonomic}
    uintx NonNMethodCodeHeapSize                   = 5832780                                {pd product} {ergonomic}
    uintx NonProfiledCodeHeapSize                  = 122912730                              {pd product} {ergonomic}
    uintx ProfiledCodeHeapSize                     = 122912730                              {pd product} {ergonomic}
    uintx ReservedCodeCacheSize                    = 251658240                              {pd product} {ergonomic}
     bool SegmentedCodeCache                       = true                                      {product} {ergonomic}
     bool ShowCodeDetailsInExceptionMessages       = true                                   {manageable} {command line}
   size_t SoftMaxHeapSize                          = 1052770304                             {manageable} {ergonomic}
     bool UseCompressedClassPointers               = true                           {product lp64_product} {ergonomic}
     bool UseCompressedOops                        = true                           {product lp64_product} {ergonomic}
     bool UseG1GC                                  = true                                      {product} {ergonomic}
     bool UseLargePagesIndividualAllocation        = false                                  {pd product} {ergonomic}

Logging:
Log output configuration:
 #0: stdout all=warning uptime,level,tags
 #1: stderr all=off uptime,level,tags

Environment Variables:
PATH=C:\Program Files\Common Files\Oracle\Java\javapath;C:\Windows\system32;C:\Windows;C:\Windows\System32\Wbem;C:\Windows\System32\WindowsPowerShell\v1.0\;C:\Program Files\nodejs\;C:\Program Files\MySQL\MySQL Shell 8.0\bin\;C:\Users\Mr Sathe\AppData\Local\Programs\Python\Python310\Scripts\;C:\Users\Mr Sathe\AppData\Local\Programs\Python\Python310\;C:\Users\Mr Sathe\AppData\Local\Microsoft\WindowsApps;;C:\Users\Mr Sathe\AppData\Local\Programs\Microsoft VS Code\bin;C:\Users\Mr Sathe\AppData\Roaming\npm
USERNAME=Mr Sathe
OS=Windows_NT
PROCESSOR_IDENTIFIER=Intel64 Family 6 Model 142 Stepping 9, GenuineIntel



---------------  S Y S T E M  ---------------

OS:
 Windows 10 , 64 bit Build 15063 (10.0.15063.1058)
OS uptime: 16 days 17:07 hours

CPU: total 4 (initial active 4) (2 cores per cpu, 2 threads per core) family 6 model 142 stepping 9 microcode 0x8e, cx8, cmov, fxsr, ht, mmx, 3dnowpref, sse, sse2, sse3, ssse3, sse4.1, sse4.2, popcnt, lzcnt, tsc, tscinvbit, avx, avx2, aes, erms, clmul, bmi1, bmi2, adx, fma, vzeroupper, clflush, clflushopt

Memory: 4k page, system-wide physical 4011M (1009M free)
TotalPageFile size 9927M (AvailPageFile size 125M)
current process WorkingSet (physical memory assigned to process): 29M, peak: 29M
current process commit charge ("private bytes"): 133M, peak: 133M

vm_info: Java HotSpot(TM) 64-Bit Server VM (17.0.1+12-LTS-39) for windows-amd64 JRE (17.0.1+12-LTS-39), built on Sep 27 2021 18:41:35 by "mach5one" with MS VC++ 16.8 (VS2019)

END.
